[2021-11-10 15:40:07] Aanlysis demon thread start.
[2021-11-10 15:40:07] Aanlysis proc start.
[2021-11-10 15:40:08] Extract data proc elapsed time : 0 Sec
[2021-11-10 15:40:08] Summary data proc elapsed time : 0 Sec
[2021-11-10 15:40:08] Level etract data proc elapsed time : 0 Sec
[2021-11-10 15:40:08] STEP #1 Evaluate data delete : 0 Sec
[2021-11-10 15:40:08] STEP #2 User Idx info Insert : 0 Sec
[2021-11-10 15:40:08] STEP #3 User Idx Info Update :  0 Sec
[2021-11-10 15:40:08] STEP #4 User Idx Info Exception proc : 0 Sec
[2021-11-10 15:40:08] STEP #5 User Idx Info Day Insert : 0 Sec
[2021-11-10 15:40:08] Evaluate level data proc elapsed time : 0 Sec
[2021-11-10 15:40:08] Level Summary data proc elapsed time : 0 Sec
[2021-11-10 15:40:10] Delete data proc elapsed time : 2 Sec
[2021-11-10 15:40:10] Total data proc elapsed time : 2 Sec
[2021-11-10 15:40:10] Analysis proc end.
[2021-11-10 15:40:10] Aanlysis demon thread end.
[2021-11-10 15:43:37] Aanlysis demon thread start.
[2021-11-10 15:43:37] Aanlysis proc start.
[2021-11-10 15:43:38] Extract data proc elapsed time : 0 Sec
[2021-11-10 15:43:38] Summary data proc elapsed time : 0 Sec
[2021-11-10 15:43:38] Level etract data proc elapsed time : 0 Sec
[2021-11-10 15:43:38] STEP #1 Evaluate data delete : 0 Sec
[2021-11-10 15:43:38] STEP #2 User Idx info Insert : 0 Sec
[2021-11-10 15:43:38] STEP #3 User Idx Info Update :  0 Sec
[2021-11-10 15:43:38] STEP #4 User Idx Info Exception proc : 0 Sec
[2021-11-10 15:43:38] STEP #5 User Idx Info Day Insert : 0 Sec
[2021-11-10 15:43:38] Evaluate level data proc elapsed time : 0 Sec
[2021-11-10 15:43:38] Level Summary data proc elapsed time : 0 Sec
[2021-11-10 15:43:38] Delete data proc elapsed time : 0 Sec
[2021-11-10 15:43:38] Total data proc elapsed time : 0 Sec
[2021-11-10 15:43:38] Analysis proc end.
[2021-11-10 15:43:38] Aanlysis demon thread end.
[2021-11-10 15:44:15] Aanlysis demon thread start.
[2021-11-10 15:44:15] Aanlysis proc start.
[2021-11-10 15:44:16] Extract data proc elapsed time : 0 Sec
[2021-11-10 15:44:16] Summary data proc elapsed time : 0 Sec
[2021-11-10 15:44:16] Level etract data proc elapsed time : 0 Sec
[2021-11-10 15:44:16] STEP #1 Evaluate data delete : 0 Sec
[2021-11-10 15:44:16] STEP #2 User Idx info Insert : 0 Sec
[2021-11-10 15:44:16] STEP #3 User Idx Info Update :  0 Sec
[2021-11-10 15:44:16] STEP #4 User Idx Info Exception proc : 0 Sec
[2021-11-10 15:44:16] STEP #5 User Idx Info Day Insert : 0 Sec
[2021-11-10 15:44:16] Evaluate level data proc elapsed time : 0 Sec
[2021-11-10 15:44:16] Level Summary data proc elapsed time : 0 Sec
[2021-11-10 15:44:16] Delete data proc elapsed time : 0 Sec
[2021-11-10 15:44:16] Total data proc elapsed time : 0 Sec
[2021-11-10 15:44:16] Analysis proc end.
[2021-11-10 15:44:16] Aanlysis demon thread end.
[2021-11-10 15:45:34] Aanlysis demon thread start.
[2021-11-10 15:45:34] Aanlysis proc start.
[2021-11-10 15:45:35] Extract data proc elapsed time : 0 Sec
[2021-11-10 15:45:35] Summary data proc elapsed time : 0 Sec
[2021-11-10 15:45:35] Level etract data proc elapsed time : 0 Sec
[2021-11-10 15:45:35] STEP #1 Evaluate data delete : 0 Sec
[2021-11-10 15:45:35] STEP #2 User Idx info Insert : 0 Sec
[2021-11-10 15:45:35] STEP #3 User Idx Info Update :  0 Sec
[2021-11-10 15:45:35] STEP #4 User Idx Info Exception proc : 0 Sec
[2021-11-10 15:45:35] STEP #5 User Idx Info Day Insert : 0 Sec
[2021-11-10 15:45:35] Evaluate level data proc elapsed time : 0 Sec
[2021-11-10 15:45:35] Level Summary data proc elapsed time : 0 Sec
[2021-11-10 15:45:35] Delete data proc elapsed time : 0 Sec
[2021-11-10 15:45:35] Total data proc elapsed time : 0 Sec
[2021-11-10 15:45:35] Analysis proc end.
[2021-11-10 15:45:35] Aanlysis demon thread end.
[2021-11-10 15:46:08] Aanlysis demon thread start.
[2021-11-10 15:46:08] Aanlysis proc start.
[2021-11-10 15:46:08] Extract data proc elapsed time : 0 Sec
[2021-11-10 15:46:09] Summary data proc elapsed time : 0 Sec
[2021-11-10 15:46:09] Level etract data proc elapsed time : 0 Sec
[2021-11-10 15:46:09] STEP #1 Evaluate data delete : 0 Sec
[2021-11-10 15:46:09] STEP #2 User Idx info Insert : 0 Sec
[2021-11-10 15:46:09] STEP #3 User Idx Info Update :  0 Sec
[2021-11-10 15:46:09] STEP #4 User Idx Info Exception proc : 0 Sec
[2021-11-10 15:46:09] STEP #5 User Idx Info Day Insert : 0 Sec
[2021-11-10 15:46:09] Evaluate level data proc elapsed time : 0 Sec
[2021-11-10 15:46:09] Level Summary data proc elapsed time : 0 Sec
[2021-11-10 15:46:09] Delete data proc elapsed time : 0 Sec
[2021-11-10 15:46:09] Total data proc elapsed time : 0 Sec
[2021-11-10 15:46:09] Analysis proc end.
[2021-11-10 15:46:09] Aanlysis demon thread end.
[2021-11-10 16:09:10] Aanlysis demon thread start.
[2021-11-10 16:09:10] Aanlysis proc start.
[2021-11-10 16:09:11] Extract data proc elapsed time : 0 Sec
[2021-11-10 16:09:11] Summary data proc elapsed time : 0 Sec
[2021-11-10 16:09:12] Level etract data proc elapsed time : 0 Sec
[2021-11-10 16:09:12] STEP #1 Evaluate data delete : 0 Sec
[2021-11-10 16:09:12] STEP #2 User Idx info Insert : 0 Sec
[2021-11-10 16:09:12] STEP #3 User Idx Info Update :  0 Sec
[2021-11-10 16:09:12] STEP #4 User Idx Info Exception proc : 0 Sec
[2021-11-10 16:09:12] STEP #5 User Idx Info Day Insert : 0 Sec
[2021-11-10 16:09:12] Evaluate level data proc elapsed time : 0 Sec
[2021-11-10 16:09:12] Level Summary data proc elapsed time : 0 Sec
[2021-11-10 16:09:12] Delete data proc elapsed time : 0 Sec
[2021-11-10 16:09:12] Total data proc elapsed time : 1 Sec
[2021-11-10 16:09:12] Analysis proc end.
[2021-11-10 16:09:12] Aanlysis demon thread end.
[2021-11-10 16:58:11] Aanlysis demon thread start.
[2021-11-10 16:58:11] Aanlysis proc start.
[2021-11-10 16:58:12] Extract data proc elapsed time : 0 Sec
[2021-11-10 16:58:12] Summary data proc elapsed time : 0 Sec
[2021-11-10 16:58:12] Level etract data proc elapsed time : 0 Sec
[2021-11-10 16:58:12] STEP #1 Evaluate data delete : 0 Sec
[2021-11-10 16:58:12] STEP #2 User Idx info Insert : 0 Sec
[2021-11-10 16:58:12] STEP #3 User Idx Info Update :  0 Sec
[2021-11-10 16:58:12] STEP #4 User Idx Info Exception proc : 0 Sec
[2021-11-10 16:58:12] STEP #5 User Idx Info Day Insert : 0 Sec
[2021-11-10 16:58:12] Evaluate level data proc elapsed time : 0 Sec
[2021-11-10 16:58:12] org.postgresql.util.PSQLException: 오류: 중복된 키 값이 "pk_org_sum_info" 고유 제약 조건을 위반함
  Detail: (sum_rgdt_date, org_code)=(20211109, 0) 키가 이미 있습니다.
[2021-11-10 16:58:12] Level Summary Failed.
[2021-11-10 16:58:12] Analysis proc end.
[2021-11-10 16:58:12] Aanlysis demon thread end.
[2021-11-10 17:02:26] Aanlysis demon thread start.
[2021-11-10 17:02:26] Aanlysis proc start.
[2021-11-10 17:02:27] Extract data proc elapsed time : 0 Sec
[2021-11-10 17:02:27] Summary data proc elapsed time : 0 Sec
[2021-11-10 17:02:27] Level etract data proc elapsed time : 0 Sec
[2021-11-10 17:02:27] STEP #1 Evaluate data delete : 0 Sec
[2021-11-10 17:02:27] STEP #2 User Idx info Insert : 0 Sec
[2021-11-10 17:02:27] STEP #3 User Idx Info Update :  0 Sec
[2021-11-10 17:02:27] STEP #4 User Idx Info Exception proc : 0 Sec
[2021-11-10 17:02:27] STEP #5 User Idx Info Day Insert : 0 Sec
[2021-11-10 17:02:27] Evaluate level data proc elapsed time : 0 Sec
[2021-11-10 17:02:27] Level Summary data proc elapsed time : 0 Sec
[2021-11-10 17:02:28] Delete data proc elapsed time : 0 Sec
[2021-11-10 17:02:28] Total data proc elapsed time : 0 Sec
[2021-11-10 17:02:28] Analysis proc end.
[2021-11-10 17:02:28] Aanlysis demon thread end.
[2021-11-10 17:04:21] Aanlysis demon thread start.
[2021-11-10 17:04:21] Aanlysis proc start.
[2021-11-10 17:04:22] Extract data proc elapsed time : 0 Sec
[2021-11-10 17:04:22] Summary data proc elapsed time : 0 Sec
[2021-11-10 17:04:22] Level etract data proc elapsed time : 0 Sec
[2021-11-10 17:04:22] STEP #1 Evaluate data delete : 0 Sec
[2021-11-10 17:04:22] STEP #2 User Idx info Insert : 0 Sec
[2021-11-10 17:04:22] STEP #3 User Idx Info Update :  0 Sec
[2021-11-10 17:04:22] STEP #4 User Idx Info Exception proc : 0 Sec
[2021-11-10 17:04:22] STEP #5 User Idx Info Day Insert : 0 Sec
[2021-11-10 17:04:22] Evaluate level data proc elapsed time : 0 Sec
[2021-11-10 17:04:22] org.postgresql.util.PSQLException: 오류: 중복된 키 값이 "pk_org_sum_info" 고유 제약 조건을 위반함
  Detail: (sum_rgdt_date, org_code)=(20211109, 0) 키가 이미 있습니다.
[2021-11-10 17:04:22] Level Summary Failed.
[2021-11-10 17:04:22] Analysis proc end.
[2021-11-10 17:04:22] Aanlysis demon thread end.
[2021-11-10 17:17:04] Aanlysis demon thread start.
[2021-11-10 17:17:04] Aanlysis proc start.
[2021-11-10 17:17:05] Extract data proc elapsed time : 0 Sec
[2021-11-10 17:17:05] Summary data proc elapsed time : 0 Sec
[2021-11-10 17:17:05] Level etract data proc elapsed time : 0 Sec
[2021-11-10 17:17:05] STEP #1 Evaluate data delete : 0 Sec
[2021-11-10 17:17:05] STEP #2 User Idx info Insert : 0 Sec
[2021-11-10 17:17:05] STEP #3 User Idx Info Update :  0 Sec
[2021-11-10 17:17:05] STEP #4 User Idx Info Exception proc : 0 Sec
[2021-11-10 17:17:05] STEP #5 User Idx Info Day Insert : 0 Sec
[2021-11-10 17:17:05] Evaluate level data proc elapsed time : 0 Sec
[2021-11-10 17:17:05] Level Summary data proc elapsed time : 0 Sec
[2021-11-10 17:17:05] Delete data proc elapsed time : 0 Sec
[2021-11-10 17:17:05] Total data proc elapsed time : 0 Sec
[2021-11-10 17:17:05] Analysis proc end.
[2021-11-10 17:17:05] Aanlysis demon thread end.
