[2021-06-02 13:51:05] Aanlysis demon thread start.
[2021-06-02 13:51:05] Aanlysis proc start.
[2021-06-02 13:51:06] Extract data proc elapsed time : 0 Sec
[2021-06-02 13:51:06] Summary data proc elapsed time : 0 Sec
[2021-06-02 13:51:06] Level etract data proc elapsed time : 0 Sec
[2021-06-02 13:51:06] STEP #1 Evaluate data delete : 0 Sec
[2021-06-02 13:51:06] STEP #2 User Idx info Insert : 0 Sec
[2021-06-02 13:51:06] STEP #3 User Idx Info Update :  0 Sec
[2021-06-02 13:51:06] STEP #4 User Idx Info Exception proc : 0 Sec
[2021-06-02 13:51:06] STEP #5 User Idx Info Day Insert : 0 Sec
[2021-06-02 13:51:06] Evaluate level data proc elapsed time : 0 Sec
[2021-06-02 13:51:06] Level Summary data proc elapsed time : 0 Sec
[2021-06-02 13:51:06] Total data proc elapsed time : 0 Sec
[2021-06-02 13:51:06] Analysis proc end.
[2021-06-02 13:51:06] Aanlysis demon thread end.
[2021-06-02 14:00:39] Aanlysis demon thread start.
[2021-06-02 14:00:39] Aanlysis proc start.
[2021-06-02 14:00:40] Extract data proc elapsed time : 0 Sec
[2021-06-02 14:00:40] Summary data proc elapsed time : 0 Sec
[2021-06-02 14:00:40] Level etract data proc elapsed time : 0 Sec
[2021-06-02 14:00:40] STEP #1 Evaluate data delete : 0 Sec
[2021-06-02 14:00:40] STEP #2 User Idx info Insert : 0 Sec
[2021-06-02 14:00:40] STEP #3 User Idx Info Update :  0 Sec
[2021-06-02 14:00:40] STEP #4 User Idx Info Exception proc : 0 Sec
[2021-06-02 14:00:40] STEP #5 User Idx Info Day Insert : 0 Sec
[2021-06-02 14:00:40] Evaluate level data proc elapsed time : 0 Sec
[2021-06-02 14:00:41] Level Summary data proc elapsed time : 0 Sec
[2021-06-02 14:00:41] Total data proc elapsed time : 1 Sec
[2021-06-02 14:00:41] Analysis proc end.
[2021-06-02 14:00:41] Aanlysis demon thread end.
[2021-06-02 14:02:49] Aanlysis demon thread start.
[2021-06-02 14:02:49] Aanlysis proc start.
[2021-06-02 14:02:50] Extract data proc elapsed time : 0 Sec
[2021-06-02 14:02:50] Summary data proc elapsed time : 0 Sec
[2021-06-02 14:02:51] Level etract data proc elapsed time : 0 Sec
[2021-06-02 14:02:51] STEP #1 Evaluate data delete : 0 Sec
[2021-06-02 14:02:51] STEP #2 User Idx info Insert : 0 Sec
[2021-06-02 14:02:51] STEP #3 User Idx Info Update :  0 Sec
[2021-06-02 14:02:51] STEP #4 User Idx Info Exception proc : 0 Sec
[2021-06-02 14:02:51] STEP #5 User Idx Info Day Insert : 0 Sec
[2021-06-02 14:02:51] Evaluate level data proc elapsed time : 0 Sec
[2021-06-02 14:02:51] Level Summary data proc elapsed time : 0 Sec
[2021-06-02 14:02:51] Total data proc elapsed time : 0 Sec
[2021-06-02 14:02:51] Analysis proc end.
[2021-06-02 14:02:51] Aanlysis demon thread end.
[2021-06-02 14:03:48] Aanlysis demon thread start.
[2021-06-02 14:03:48] Aanlysis proc start.
[2021-06-02 14:03:49] Extract data proc elapsed time : 0 Sec
[2021-06-02 14:03:49] Summary data proc elapsed time : 0 Sec
[2021-06-02 14:03:49] Level etract data proc elapsed time : 0 Sec
[2021-06-02 14:03:50] STEP #1 Evaluate data delete : 0 Sec
[2021-06-02 14:03:50] STEP #2 User Idx info Insert : 0 Sec
[2021-06-02 14:03:50] STEP #3 User Idx Info Update :  0 Sec
[2021-06-02 14:03:50] STEP #4 User Idx Info Exception proc : 0 Sec
[2021-06-02 14:03:50] STEP #5 User Idx Info Day Insert : 0 Sec
[2021-06-02 14:03:50] Evaluate level data proc elapsed time : 0 Sec
[2021-06-02 14:03:50] Level Summary data proc elapsed time : 0 Sec
[2021-06-02 14:03:50] Total data proc elapsed time : 0 Sec
[2021-06-02 14:03:50] Analysis proc end.
[2021-06-02 14:03:50] Aanlysis demon thread end.
[2021-06-02 14:04:09] Aanlysis demon thread start.
[2021-06-02 14:04:09] Aanlysis proc start.
[2021-06-02 14:04:10] Extract data proc elapsed time : 0 Sec
[2021-06-02 14:04:10] Summary data proc elapsed time : 0 Sec
[2021-06-02 14:04:10] Level etract data proc elapsed time : 0 Sec
[2021-06-02 14:04:10] STEP #1 Evaluate data delete : 0 Sec
[2021-06-02 14:04:11] STEP #2 User Idx info Insert : 0 Sec
[2021-06-02 14:04:11] STEP #3 User Idx Info Update :  0 Sec
[2021-06-02 14:04:11] STEP #4 User Idx Info Exception proc : 0 Sec
[2021-06-02 14:04:11] STEP #5 User Idx Info Day Insert : 0 Sec
[2021-06-02 14:04:11] Evaluate level data proc elapsed time : 0 Sec
[2021-06-02 14:04:11] Level Summary data proc elapsed time : 0 Sec
[2021-06-02 14:04:11] Total data proc elapsed time : 0 Sec
[2021-06-02 14:04:11] Analysis proc end.
[2021-06-02 14:04:11] Aanlysis demon thread end.
[2021-06-02 14:07:40] Aanlysis demon thread start.
[2021-06-02 14:07:40] Aanlysis proc start.
[2021-06-02 14:07:42] Extract data proc elapsed time : 0 Sec
[2021-06-02 14:07:42] Summary data proc elapsed time : 0 Sec
[2021-06-02 14:07:42] Level etract data proc elapsed time : 0 Sec
[2021-06-02 14:07:42] STEP #1 Evaluate data delete : 0 Sec
[2021-06-02 14:07:42] STEP #2 User Idx info Insert : 0 Sec
[2021-06-02 14:07:42] STEP #3 User Idx Info Update :  0 Sec
[2021-06-02 14:07:42] STEP #4 User Idx Info Exception proc : 0 Sec
[2021-06-02 14:07:42] STEP #5 User Idx Info Day Insert : 0 Sec
[2021-06-02 14:07:42] Evaluate level data proc elapsed time : 0 Sec
[2021-06-02 14:07:42] Level Summary data proc elapsed time : 0 Sec
[2021-06-02 14:07:42] Total data proc elapsed time : 0 Sec
[2021-06-02 14:07:42] Analysis proc end.
[2021-06-02 14:07:42] Aanlysis demon thread end.
[2021-06-02 14:09:34] Aanlysis demon thread start.
[2021-06-02 14:09:34] Aanlysis proc start.
[2021-06-02 14:09:35] Extract data proc elapsed time : 0 Sec
[2021-06-02 14:09:35] Summary data proc elapsed time : 0 Sec
[2021-06-02 14:09:35] Level etract data proc elapsed time : 0 Sec
[2021-06-02 14:09:35] STEP #1 Evaluate data delete : 0 Sec
[2021-06-02 14:09:35] STEP #2 User Idx info Insert : 0 Sec
[2021-06-02 14:09:35] STEP #3 User Idx Info Update :  0 Sec
[2021-06-02 14:09:35] STEP #4 User Idx Info Exception proc : 0 Sec
[2021-06-02 14:09:35] STEP #5 User Idx Info Day Insert : 0 Sec
[2021-06-02 14:09:35] Evaluate level data proc elapsed time : 0 Sec
[2021-06-02 14:09:36] Level Summary data proc elapsed time : 0 Sec
[2021-06-02 14:09:36] Total data proc elapsed time : 0 Sec
[2021-06-02 14:09:36] Analysis proc end.
[2021-06-02 14:09:36] Aanlysis demon thread end.
