[2023-06-02 14:03:17] Aanlysis demon thread start.
[2023-06-02 14:03:17] Aanlysis proc start.
[2023-06-02 14:03:18] Extract data proc elapsed time : 0 Sec
[2023-06-02 14:03:18] Summary data proc elapsed time : 0 Sec
[2023-06-02 14:03:18] Level etract data proc elapsed time : 0 Sec
[2023-06-02 14:03:18] STEP #1 Evaluate data delete : 0 Sec
[2023-06-02 14:03:18] STEP #2 User Idx info Insert : 0 Sec
[2023-06-02 14:03:18] STEP #3 User Idx Info Update :  0 Sec
[2023-06-02 14:03:18] STEP #4 User Idx Info Exception proc : 0 Sec
[2023-06-02 14:03:19] STEP #5 User Idx Info Day Insert : 0 Sec
[2023-06-02 14:03:19] Evaluate level data proc elapsed time : 0 Sec
[2023-06-02 14:03:19] Level Summary data proc elapsed time : 0 Sec
[2023-06-02 14:03:19] Delete data proc elapsed time : 0 Sec
[2023-06-02 14:03:19] Total data proc elapsed time : 0 Sec
[2023-06-02 14:03:19] Analysis proc end.
[2023-06-02 14:03:19] Aanlysis demon thread end.
[2023-06-02 15:06:43] Aanlysis demon thread start.
[2023-06-02 15:06:43] Aanlysis proc start.
[2023-06-02 15:06:44] Extract data proc elapsed time : 0 Sec
[2023-06-02 15:06:44] Summary data proc elapsed time : 0 Sec
[2023-06-02 15:06:44] Level etract data proc elapsed time : 0 Sec
[2023-06-02 15:06:44] STEP #1 Evaluate data delete : 0 Sec
[2023-06-02 15:06:44] STEP #2 User Idx info Insert : 0 Sec
[2023-06-02 15:06:44] STEP #3 User Idx Info Update :  0 Sec
[2023-06-02 15:06:44] STEP #4 User Idx Info Exception proc : 0 Sec
[2023-06-02 15:06:44] STEP #5 User Idx Info Day Insert : 0 Sec
[2023-06-02 15:06:44] Evaluate level data proc elapsed time : 0 Sec
[2023-06-02 15:06:45] Level Summary data proc elapsed time : 0 Sec
[2023-06-02 15:06:45] Delete data proc elapsed time : 0 Sec
[2023-06-02 15:06:45] Total data proc elapsed time : 0 Sec
[2023-06-02 15:06:45] Analysis proc end.
[2023-06-02 15:06:45] Aanlysis demon thread end.
[2023-06-02 15:09:39] Aanlysis demon thread start.
[2023-06-02 15:09:39] Aanlysis proc start.
[2023-06-02 15:09:40] Extract data proc elapsed time : 0 Sec
[2023-06-02 15:09:40] Summary data proc elapsed time : 0 Sec
[2023-06-02 15:09:40] Level etract data proc elapsed time : 0 Sec
[2023-06-02 15:09:40] STEP #1 Evaluate data delete : 0 Sec
[2023-06-02 15:09:40] STEP #2 User Idx info Insert : 0 Sec
[2023-06-02 15:09:40] STEP #3 User Idx Info Update :  0 Sec
[2023-06-02 15:09:40] STEP #4 User Idx Info Exception proc : 0 Sec
[2023-06-02 15:09:41] STEP #5 User Idx Info Day Insert : 0 Sec
[2023-06-02 15:09:41] Evaluate level data proc elapsed time : 0 Sec
[2023-06-02 15:09:41] Level Summary data proc elapsed time : 0 Sec
[2023-06-02 15:09:41] Delete data proc elapsed time : 0 Sec
[2023-06-02 15:09:41] Total data proc elapsed time : 0 Sec
[2023-06-02 15:09:41] Analysis proc end.
[2023-06-02 15:09:41] Aanlysis demon thread end.
[2023-06-02 15:12:14] Aanlysis demon thread start.
[2023-06-02 15:12:14] Aanlysis proc start.
[2023-06-02 15:12:15] Extract data proc elapsed time : 0 Sec
[2023-06-02 15:12:15] Summary data proc elapsed time : 0 Sec
[2023-06-02 15:12:15] Level etract data proc elapsed time : 0 Sec
[2023-06-02 15:12:15] STEP #1 Evaluate data delete : 0 Sec
[2023-06-02 15:12:15] STEP #2 User Idx info Insert : 0 Sec
[2023-06-02 15:12:15] STEP #3 User Idx Info Update :  0 Sec
[2023-06-02 15:12:15] STEP #4 User Idx Info Exception proc : 0 Sec
[2023-06-02 15:12:15] STEP #5 User Idx Info Day Insert : 0 Sec
[2023-06-02 15:12:15] Evaluate level data proc elapsed time : 0 Sec
[2023-06-02 15:12:15] Level Summary data proc elapsed time : 0 Sec
[2023-06-02 15:12:15] Delete data proc elapsed time : 0 Sec
[2023-06-02 15:12:15] Total data proc elapsed time : 0 Sec
[2023-06-02 15:12:15] Analysis proc end.
[2023-06-02 15:12:15] Aanlysis demon thread end.
[2023-06-02 15:12:35] Aanlysis demon thread start.
[2023-06-02 15:12:35] Aanlysis proc start.
[2023-06-02 15:12:35] Extract data proc elapsed time : 0 Sec
[2023-06-02 15:12:35] Summary data proc elapsed time : 0 Sec
[2023-06-02 15:12:36] Level etract data proc elapsed time : 0 Sec
[2023-06-02 15:12:36] STEP #1 Evaluate data delete : 0 Sec
[2023-06-02 15:12:36] STEP #2 User Idx info Insert : 0 Sec
[2023-06-02 15:12:36] STEP #3 User Idx Info Update :  0 Sec
[2023-06-02 15:12:36] STEP #4 User Idx Info Exception proc : 0 Sec
[2023-06-02 15:12:36] STEP #5 User Idx Info Day Insert : 0 Sec
[2023-06-02 15:12:36] Evaluate level data proc elapsed time : 0 Sec
[2023-06-02 15:12:36] Level Summary data proc elapsed time : 0 Sec
[2023-06-02 15:12:36] Delete data proc elapsed time : 0 Sec
[2023-06-02 15:12:36] Total data proc elapsed time : 0 Sec
[2023-06-02 15:12:36] Analysis proc end.
[2023-06-02 15:12:36] Aanlysis demon thread end.
[2023-06-02 15:29:30] Aanlysis demon thread start.
[2023-06-02 15:29:30] Aanlysis proc start.
[2023-06-02 15:29:30] Extract data proc elapsed time : 0 Sec
[2023-06-02 15:29:30] Summary data proc elapsed time : 0 Sec
[2023-06-02 15:29:30] Level etract data proc elapsed time : 0 Sec
[2023-06-02 15:29:30] STEP #1 Evaluate data delete : 0 Sec
[2023-06-02 15:29:30] STEP #2 User Idx info Insert : 0 Sec
[2023-06-02 15:29:31] STEP #3 User Idx Info Update :  0 Sec
[2023-06-02 15:29:31] STEP #4 User Idx Info Exception proc : 0 Sec
[2023-06-02 15:29:31] STEP #5 User Idx Info Day Insert : 0 Sec
[2023-06-02 15:29:31] Evaluate level data proc elapsed time : 0 Sec
[2023-06-02 15:29:31] Level Summary data proc elapsed time : 0 Sec
[2023-06-02 15:29:31] Delete data proc elapsed time : 0 Sec
[2023-06-02 15:29:31] Total data proc elapsed time : 0 Sec
[2023-06-02 15:29:31] Analysis proc end.
[2023-06-02 15:29:31] Aanlysis demon thread end.
[2023-06-02 15:29:33] Aanlysis demon thread start.
[2023-06-02 15:29:33] Aanlysis proc start.
[2023-06-02 15:29:34] Extract data proc elapsed time : 0 Sec
[2023-06-02 15:29:34] Summary data proc elapsed time : 0 Sec
[2023-06-02 15:29:34] Level etract data proc elapsed time : 0 Sec
[2023-06-02 15:29:34] STEP #1 Evaluate data delete : 0 Sec
[2023-06-02 15:29:34] STEP #2 User Idx info Insert : 0 Sec
[2023-06-02 15:29:34] STEP #3 User Idx Info Update :  0 Sec
[2023-06-02 15:29:34] STEP #4 User Idx Info Exception proc : 0 Sec
[2023-06-02 15:29:34] STEP #5 User Idx Info Day Insert : 0 Sec
[2023-06-02 15:29:34] Evaluate level data proc elapsed time : 0 Sec
[2023-06-02 15:29:34] Level Summary data proc elapsed time : 0 Sec
[2023-06-02 15:29:34] Delete data proc elapsed time : 0 Sec
[2023-06-02 15:29:34] Total data proc elapsed time : 0 Sec
[2023-06-02 15:29:34] Analysis proc end.
[2023-06-02 15:29:34] Aanlysis demon thread end.
[2023-06-02 15:43:23] Aanlysis demon thread start.
[2023-06-02 15:43:23] Aanlysis proc start.
[2023-06-02 15:43:24] Extract data proc elapsed time : 0 Sec
[2023-06-02 15:43:24] Summary data proc elapsed time : 0 Sec
[2023-06-02 15:43:24] Level etract data proc elapsed time : 0 Sec
[2023-06-02 15:43:24] STEP #1 Evaluate data delete : 0 Sec
[2023-06-02 15:43:24] STEP #2 User Idx info Insert : 0 Sec
[2023-06-02 15:43:24] STEP #3 User Idx Info Update :  0 Sec
[2023-06-02 15:43:24] STEP #4 User Idx Info Exception proc : 0 Sec
[2023-06-02 15:43:25] STEP #5 User Idx Info Day Insert : 0 Sec
[2023-06-02 15:43:25] Evaluate level data proc elapsed time : 0 Sec
[2023-06-02 15:43:25] Level Summary data proc elapsed time : 0 Sec
[2023-06-02 15:43:25] Delete data proc elapsed time : 0 Sec
[2023-06-02 15:43:25] Total data proc elapsed time : 0 Sec
[2023-06-02 15:43:25] Analysis proc end.
[2023-06-02 15:43:25] Aanlysis demon thread end.
[2023-06-02 16:20:03] Aanlysis demon thread start.
[2023-06-02 16:20:03] Aanlysis proc start.
[2023-06-02 16:20:04] Extract data proc elapsed time : 0 Sec
[2023-06-02 16:20:04] Summary data proc elapsed time : 0 Sec
[2023-06-02 16:20:04] Level etract data proc elapsed time : 0 Sec
[2023-06-02 16:20:04] STEP #1 Evaluate data delete : 0 Sec
[2023-06-02 16:20:04] STEP #2 User Idx info Insert : 0 Sec
[2023-06-02 16:20:04] STEP #3 User Idx Info Update :  0 Sec
[2023-06-02 16:20:04] STEP #4 User Idx Info Exception proc : 0 Sec
[2023-06-02 16:20:04] STEP #5 User Idx Info Day Insert : 0 Sec
[2023-06-02 16:20:04] Evaluate level data proc elapsed time : 0 Sec
[2023-06-02 16:20:04] Level Summary data proc elapsed time : 0 Sec
[2023-06-02 16:20:04] Delete data proc elapsed time : 0 Sec
[2023-06-02 16:20:04] Total data proc elapsed time : 0 Sec
[2023-06-02 16:20:04] Analysis proc end.
[2023-06-02 16:20:04] Aanlysis demon thread end.
[2023-06-02 16:22:46] Aanlysis demon thread start.
[2023-06-02 16:22:46] Aanlysis proc start.
[2023-06-02 16:22:47] Extract data proc elapsed time : 0 Sec
[2023-06-02 16:22:47] Summary data proc elapsed time : 0 Sec
[2023-06-02 16:22:47] Level etract data proc elapsed time : 0 Sec
[2023-06-02 16:22:47] STEP #1 Evaluate data delete : 0 Sec
[2023-06-02 16:22:47] STEP #2 User Idx info Insert : 0 Sec
[2023-06-02 16:22:47] STEP #3 User Idx Info Update :  0 Sec
[2023-06-02 16:22:47] STEP #4 User Idx Info Exception proc : 0 Sec
[2023-06-02 16:22:47] STEP #5 User Idx Info Day Insert : 0 Sec
[2023-06-02 16:22:47] Evaluate level data proc elapsed time : 0 Sec
[2023-06-02 16:22:47] Level Summary data proc elapsed time : 0 Sec
[2023-06-02 16:22:47] Delete data proc elapsed time : 0 Sec
[2023-06-02 16:22:47] Total data proc elapsed time : 0 Sec
[2023-06-02 16:22:47] Analysis proc end.
[2023-06-02 16:22:47] Aanlysis demon thread end.
[2023-06-02 16:25:02] Aanlysis demon thread start.
[2023-06-02 16:25:02] Aanlysis proc start.
[2023-06-02 16:25:02] Extract data proc elapsed time : 0 Sec
[2023-06-02 16:25:03] Summary data proc elapsed time : 0 Sec
[2023-06-02 16:25:03] Level etract data proc elapsed time : 0 Sec
[2023-06-02 16:25:03] STEP #1 Evaluate data delete : 0 Sec
[2023-06-02 16:25:03] STEP #2 User Idx info Insert : 0 Sec
[2023-06-02 16:25:03] STEP #3 User Idx Info Update :  0 Sec
[2023-06-02 16:25:03] STEP #4 User Idx Info Exception proc : 0 Sec
[2023-06-02 16:25:03] STEP #5 User Idx Info Day Insert : 0 Sec
[2023-06-02 16:25:03] Evaluate level data proc elapsed time : 0 Sec
[2023-06-02 16:25:03] Level Summary data proc elapsed time : 0 Sec
[2023-06-02 16:25:03] Delete data proc elapsed time : 0 Sec
[2023-06-02 16:25:03] Total data proc elapsed time : 0 Sec
[2023-06-02 16:25:03] Analysis proc end.
[2023-06-02 16:25:03] Aanlysis demon thread end.
[2023-06-02 16:28:52] Aanlysis demon thread start.
[2023-06-02 16:28:52] Aanlysis proc start.
[2023-06-02 16:28:53] Extract data proc elapsed time : 0 Sec
[2023-06-02 16:28:53] Summary data proc elapsed time : 0 Sec
[2023-06-02 16:28:53] Level etract data proc elapsed time : 0 Sec
[2023-06-02 16:28:53] STEP #1 Evaluate data delete : 0 Sec
[2023-06-02 16:28:53] STEP #2 User Idx info Insert : 0 Sec
[2023-06-02 16:28:53] STEP #3 User Idx Info Update :  0 Sec
[2023-06-02 16:28:53] STEP #4 User Idx Info Exception proc : 0 Sec
[2023-06-02 16:28:54] STEP #5 User Idx Info Day Insert : 0 Sec
[2023-06-02 16:28:54] Evaluate level data proc elapsed time : 0 Sec
[2023-06-02 16:28:54] Level Summary data proc elapsed time : 0 Sec
[2023-06-02 16:28:54] Delete data proc elapsed time : 0 Sec
[2023-06-02 16:28:54] Total data proc elapsed time : 0 Sec
[2023-06-02 16:28:54] Analysis proc end.
[2023-06-02 16:28:54] Aanlysis demon thread end.
[2023-06-02 16:31:23] Aanlysis demon thread start.
[2023-06-02 16:31:23] Aanlysis proc start.
[2023-06-02 16:31:24] Extract data proc elapsed time : 0 Sec
[2023-06-02 16:31:24] Summary data proc elapsed time : 0 Sec
[2023-06-02 16:31:24] Level etract data proc elapsed time : 0 Sec
[2023-06-02 16:31:24] STEP #1 Evaluate data delete : 0 Sec
[2023-06-02 16:31:24] STEP #2 User Idx info Insert : 0 Sec
[2023-06-02 16:31:24] STEP #3 User Idx Info Update :  0 Sec
[2023-06-02 16:31:24] STEP #4 User Idx Info Exception proc : 0 Sec
[2023-06-02 16:31:24] STEP #5 User Idx Info Day Insert : 0 Sec
[2023-06-02 16:31:24] Evaluate level data proc elapsed time : 0 Sec
[2023-06-02 16:31:24] Level Summary data proc elapsed time : 0 Sec
[2023-06-02 16:31:24] Delete data proc elapsed time : 0 Sec
[2023-06-02 16:31:24] Total data proc elapsed time : 0 Sec
[2023-06-02 16:31:24] Analysis proc end.
[2023-06-02 16:31:24] Aanlysis demon thread end.
[2023-06-02 16:33:21] Aanlysis demon thread start.
[2023-06-02 16:33:21] Aanlysis proc start.
[2023-06-02 16:33:21] Extract data proc elapsed time : 0 Sec
[2023-06-02 16:33:22] Summary data proc elapsed time : 0 Sec
[2023-06-02 16:33:22] Level etract data proc elapsed time : 0 Sec
[2023-06-02 16:33:22] STEP #1 Evaluate data delete : 0 Sec
[2023-06-02 16:33:22] STEP #2 User Idx info Insert : 0 Sec
[2023-06-02 16:33:22] STEP #3 User Idx Info Update :  0 Sec
[2023-06-02 16:33:22] STEP #4 User Idx Info Exception proc : 0 Sec
[2023-06-02 16:33:22] STEP #5 User Idx Info Day Insert : 0 Sec
[2023-06-02 16:33:22] Evaluate level data proc elapsed time : 0 Sec
[2023-06-02 16:33:22] Level Summary data proc elapsed time : 0 Sec
[2023-06-02 16:33:22] Delete data proc elapsed time : 0 Sec
[2023-06-02 16:33:22] Total data proc elapsed time : 0 Sec
[2023-06-02 16:33:22] Analysis proc end.
[2023-06-02 16:33:22] Aanlysis demon thread end.
[2023-06-02 16:35:51] Aanlysis demon thread start.
[2023-06-02 16:35:51] Aanlysis proc start.
[2023-06-02 16:35:52] Extract data proc elapsed time : 0 Sec
[2023-06-02 16:35:52] Summary data proc elapsed time : 0 Sec
[2023-06-02 16:35:52] Level etract data proc elapsed time : 0 Sec
[2023-06-02 16:35:52] STEP #1 Evaluate data delete : 0 Sec
[2023-06-02 16:35:52] STEP #2 User Idx info Insert : 0 Sec
[2023-06-02 16:35:52] STEP #3 User Idx Info Update :  0 Sec
[2023-06-02 16:35:52] STEP #4 User Idx Info Exception proc : 0 Sec
[2023-06-02 16:35:52] STEP #5 User Idx Info Day Insert : 0 Sec
[2023-06-02 16:35:52] Evaluate level data proc elapsed time : 0 Sec
[2023-06-02 16:35:52] Level Summary data proc elapsed time : 0 Sec
[2023-06-02 16:35:52] Delete data proc elapsed time : 0 Sec
[2023-06-02 16:35:52] Total data proc elapsed time : 0 Sec
[2023-06-02 16:35:52] Analysis proc end.
[2023-06-02 16:35:52] Aanlysis demon thread end.
[2023-06-02 16:37:17] Aanlysis demon thread start.
[2023-06-02 16:37:17] Aanlysis proc start.
[2023-06-02 16:37:18] Extract data proc elapsed time : 0 Sec
[2023-06-02 16:37:18] Summary data proc elapsed time : 0 Sec
[2023-06-02 16:37:18] Level etract data proc elapsed time : 0 Sec
[2023-06-02 16:37:18] STEP #1 Evaluate data delete : 0 Sec
[2023-06-02 16:37:18] STEP #2 User Idx info Insert : 0 Sec
[2023-06-02 16:37:18] STEP #3 User Idx Info Update :  0 Sec
[2023-06-02 16:37:18] STEP #4 User Idx Info Exception proc : 0 Sec
[2023-06-02 16:37:18] STEP #5 User Idx Info Day Insert : 0 Sec
[2023-06-02 16:37:18] Evaluate level data proc elapsed time : 0 Sec
[2023-06-02 16:37:18] Level Summary data proc elapsed time : 0 Sec
[2023-06-02 16:37:18] Delete data proc elapsed time : 0 Sec
[2023-06-02 16:37:18] Total data proc elapsed time : 0 Sec
[2023-06-02 16:37:18] Analysis proc end.
[2023-06-02 16:37:18] Aanlysis demon thread end.
[2023-06-02 16:38:58] Aanlysis demon thread start.
[2023-06-02 16:38:58] Aanlysis proc start.
[2023-06-02 16:38:59] Extract data proc elapsed time : 0 Sec
[2023-06-02 16:38:59] Summary data proc elapsed time : 0 Sec
[2023-06-02 16:38:59] Level etract data proc elapsed time : 0 Sec
[2023-06-02 16:38:59] STEP #1 Evaluate data delete : 0 Sec
[2023-06-02 16:38:59] STEP #2 User Idx info Insert : 0 Sec
[2023-06-02 16:38:59] STEP #3 User Idx Info Update :  0 Sec
[2023-06-02 16:38:59] STEP #4 User Idx Info Exception proc : 0 Sec
[2023-06-02 16:38:59] STEP #5 User Idx Info Day Insert : 0 Sec
[2023-06-02 16:38:59] Evaluate level data proc elapsed time : 0 Sec
[2023-06-02 16:39:00] Level Summary data proc elapsed time : 0 Sec
[2023-06-02 16:39:00] Delete data proc elapsed time : 0 Sec
[2023-06-02 16:39:00] Total data proc elapsed time : 0 Sec
[2023-06-02 16:39:00] Analysis proc end.
[2023-06-02 16:39:00] Aanlysis demon thread end.
[2023-06-02 16:40:00] Aanlysis demon thread start.
[2023-06-02 16:40:00] Aanlysis proc start.
[2023-06-02 16:40:01] Extract data proc elapsed time : 0 Sec
[2023-06-02 16:40:01] Summary data proc elapsed time : 0 Sec
[2023-06-02 16:40:01] Level etract data proc elapsed time : 0 Sec
[2023-06-02 16:40:01] STEP #1 Evaluate data delete : 0 Sec
[2023-06-02 16:40:01] STEP #2 User Idx info Insert : 0 Sec
[2023-06-02 16:40:02] STEP #3 User Idx Info Update :  0 Sec
[2023-06-02 16:40:02] STEP #4 User Idx Info Exception proc : 0 Sec
[2023-06-02 16:40:02] STEP #5 User Idx Info Day Insert : 0 Sec
[2023-06-02 16:40:02] Evaluate level data proc elapsed time : 0 Sec
[2023-06-02 16:40:03] Level Summary data proc elapsed time : 0 Sec
[2023-06-02 16:40:03] Delete data proc elapsed time : 0 Sec
[2023-06-02 16:40:03] Total data proc elapsed time : 3 Sec
[2023-06-02 16:40:03] Analysis proc end.
[2023-06-02 16:40:03] Aanlysis demon thread end.
[2023-06-02 16:41:44] Aanlysis demon thread start.
[2023-06-02 16:41:44] Aanlysis proc start.
[2023-06-02 16:41:44] Extract data proc elapsed time : 0 Sec
[2023-06-02 16:41:44] Summary data proc elapsed time : 0 Sec
[2023-06-02 16:41:45] Level etract data proc elapsed time : 0 Sec
[2023-06-02 16:41:45] STEP #1 Evaluate data delete : 0 Sec
[2023-06-02 16:41:45] STEP #2 User Idx info Insert : 0 Sec
[2023-06-02 16:41:45] STEP #3 User Idx Info Update :  0 Sec
[2023-06-02 16:41:45] STEP #4 User Idx Info Exception proc : 0 Sec
[2023-06-02 16:41:45] STEP #5 User Idx Info Day Insert : 0 Sec
[2023-06-02 16:41:45] Evaluate level data proc elapsed time : 0 Sec
[2023-06-02 16:41:45] Level Summary data proc elapsed time : 0 Sec
[2023-06-02 16:41:45] Delete data proc elapsed time : 0 Sec
[2023-06-02 16:41:45] Total data proc elapsed time : 0 Sec
[2023-06-02 16:41:45] Analysis proc end.
[2023-06-02 16:41:45] Aanlysis demon thread end.
[2023-06-02 16:42:18] Aanlysis demon thread start.
[2023-06-02 16:42:18] Aanlysis proc start.
[2023-06-02 16:42:19] Extract data proc elapsed time : 0 Sec
[2023-06-02 16:42:19] Summary data proc elapsed time : 0 Sec
[2023-06-02 16:42:19] Level etract data proc elapsed time : 0 Sec
[2023-06-02 16:42:19] STEP #1 Evaluate data delete : 0 Sec
[2023-06-02 16:42:19] STEP #2 User Idx info Insert : 0 Sec
[2023-06-02 16:42:19] STEP #3 User Idx Info Update :  0 Sec
[2023-06-02 16:42:19] STEP #4 User Idx Info Exception proc : 0 Sec
[2023-06-02 16:42:19] STEP #5 User Idx Info Day Insert : 0 Sec
[2023-06-02 16:42:19] Evaluate level data proc elapsed time : 0 Sec
[2023-06-02 16:42:19] Level Summary data proc elapsed time : 0 Sec
[2023-06-02 16:42:19] Delete data proc elapsed time : 0 Sec
[2023-06-02 16:42:19] Total data proc elapsed time : 0 Sec
[2023-06-02 16:42:19] Analysis proc end.
[2023-06-02 16:42:19] Aanlysis demon thread end.
[2023-06-02 16:42:22] Aanlysis demon thread start.
[2023-06-02 16:42:22] Aanlysis proc start.
[2023-06-02 16:42:22] Extract data proc elapsed time : 0 Sec
[2023-06-02 16:42:23] Summary data proc elapsed time : 0 Sec
[2023-06-02 16:42:23] Level etract data proc elapsed time : 0 Sec
[2023-06-02 16:42:23] STEP #1 Evaluate data delete : 0 Sec
[2023-06-02 16:42:23] STEP #2 User Idx info Insert : 0 Sec
[2023-06-02 16:42:23] STEP #3 User Idx Info Update :  0 Sec
[2023-06-02 16:42:23] STEP #4 User Idx Info Exception proc : 0 Sec
[2023-06-02 16:42:23] STEP #5 User Idx Info Day Insert : 0 Sec
[2023-06-02 16:42:23] Evaluate level data proc elapsed time : 0 Sec
[2023-06-02 16:42:23] Level Summary data proc elapsed time : 0 Sec
[2023-06-02 16:42:23] Delete data proc elapsed time : 0 Sec
[2023-06-02 16:42:23] Total data proc elapsed time : 0 Sec
[2023-06-02 16:42:23] Analysis proc end.
[2023-06-02 16:42:23] Aanlysis demon thread end.
[2023-06-02 16:44:40] Aanlysis demon thread start.
[2023-06-02 16:44:40] Aanlysis proc start.
[2023-06-02 16:44:41] Extract data proc elapsed time : 0 Sec
[2023-06-02 16:44:41] Summary data proc elapsed time : 0 Sec
[2023-06-02 16:44:41] Level etract data proc elapsed time : 0 Sec
[2023-06-02 16:44:41] STEP #1 Evaluate data delete : 0 Sec
[2023-06-02 16:44:41] STEP #2 User Idx info Insert : 0 Sec
[2023-06-02 16:44:41] STEP #3 User Idx Info Update :  0 Sec
[2023-06-02 16:44:41] STEP #4 User Idx Info Exception proc : 0 Sec
[2023-06-02 16:44:41] STEP #5 User Idx Info Day Insert : 0 Sec
[2023-06-02 16:44:41] Evaluate level data proc elapsed time : 0 Sec
[2023-06-02 16:44:42] Level Summary data proc elapsed time : 0 Sec
[2023-06-02 16:44:42] Delete data proc elapsed time : 0 Sec
[2023-06-02 16:44:42] Total data proc elapsed time : 0 Sec
[2023-06-02 16:44:42] Analysis proc end.
[2023-06-02 16:44:42] Aanlysis demon thread end.
[2023-06-02 16:46:34] Aanlysis demon thread start.
[2023-06-02 16:46:34] Aanlysis proc start.
[2023-06-02 16:46:35] Extract data proc elapsed time : 0 Sec
[2023-06-02 16:46:35] Summary data proc elapsed time : 0 Sec
[2023-06-02 16:46:35] Level etract data proc elapsed time : 0 Sec
[2023-06-02 16:46:35] STEP #1 Evaluate data delete : 0 Sec
[2023-06-02 16:46:35] STEP #2 User Idx info Insert : 0 Sec
[2023-06-02 16:46:35] STEP #3 User Idx Info Update :  0 Sec
[2023-06-02 16:46:35] STEP #4 User Idx Info Exception proc : 0 Sec
[2023-06-02 16:46:35] STEP #5 User Idx Info Day Insert : 0 Sec
[2023-06-02 16:46:35] Evaluate level data proc elapsed time : 0 Sec
[2023-06-02 16:46:35] Level Summary data proc elapsed time : 0 Sec
[2023-06-02 16:46:35] Delete data proc elapsed time : 0 Sec
[2023-06-02 16:46:35] Total data proc elapsed time : 0 Sec
[2023-06-02 16:46:35] Analysis proc end.
[2023-06-02 16:46:35] Aanlysis demon thread end.
